Aligning contigs to reference...
	Aligning contigs to the reference
Filtering alignments...
Parsing coords...
Loading reference...
	Loaded [Monkeypox]
	Total Regions: 1
	Total Region Length: 197205
Analyzing contigs...
CONTIG: 1 (5867bp)
Best alignment score: 5867.0 (LEN: 5867, IDY: 100.00), Total number of alignments: 1
		One align captures most of this contig: 23828 29694 | 1 5867 | 5867 5867 | 100.0 | Monkeypox 1

CONTIG: 2 (5818bp)
Best alignment score: 5818.0 (LEN: 5818, IDY: 100.00), Total number of alignments: 1
		One align captures most of this contig: 77178 82995 | 5818 1 | 5818 5818 | 100.0 | Monkeypox 2

CONTIG: 3 (5609bp)
Best alignment score: 5609.0 (LEN: 5609, IDY: 100.00), Total number of alignments: 1
		One align captures most of this contig: 122739 128347 | 1 5609 | 5609 5609 | 100.0 | Monkeypox 3

CONTIG: 4 (4570bp)
Best alignment score: 4570.0 (LEN: 4570, IDY: 100.00), Total number of alignments: 1
		One align captures most of this contig: 128533 133102 | 1 4570 | 4570 4570 | 100.0 | Monkeypox 4

CONTIG: 5 (4366bp)
Best alignment score: 4366.0 (LEN: 4366, IDY: 100.00), Total number of alignments: 1
		One align captures most of this contig: 34121 38486 | 4366 1 | 4366 4366 | 100.0 | Monkeypox 5

CONTIG: 6 (3845bp)
Best alignment score: 3845.0 (LEN: 3845, IDY: 100.00), Total number of alignments: 1
		One align captures most of this contig: 45303 49147 | 1 3845 | 3845 3845 | 100.0 | Monkeypox 6

CONTIG: 7 (3760bp)
Best alignment score: 3760.0 (LEN: 3760, IDY: 100.00), Total number of alignments: 1
		One align captures most of this contig: 103626 107385 | 3760 1 | 3760 3760 | 100.0 | Monkeypox 7

CONTIG: 8 (3678bp)
Best alignment score: 3678.0 (LEN: 3678, IDY: 100.00), Total number of alignments: 1
		One align captures most of this contig: 41109 44786 | 3678 1 | 3678 3678 | 100.0 | Monkeypox 8

CONTIG: 9 (3583bp)
Best alignment score: 3581.9 (LEN: 3583, IDY: 99.97), Total number of alignments: 1
		One align captures most of this contig: 173951 177533 | 3583 1 | 3583 3583 | 99.97 | Monkeypox 9

CONTIG: 10 (3528bp)
Best alignment score: 3528.0 (LEN: 3528, IDY: 100.00), Total number of alignments: 1
		One align captures most of this contig: 95721 99248 | 3528 1 | 3528 3528 | 100.0 | Monkeypox 10

CONTIG: 11 (3438bp)
Best alignment score: 3438.0 (LEN: 3438, IDY: 100.00), Total number of alignments: 1
		One align captures most of this contig: 8606 12043 | 1 3438 | 3438 3438 | 100.0 | Monkeypox 11

CONTIG: 12 (3417bp)
Best alignment score: 3417.0 (LEN: 3417, IDY: 100.00), Total number of alignments: 1
		One align captures most of this contig: 152763 156179 | 1 3417 | 3417 3417 | 100.0 | Monkeypox 12

CONTIG: 13 (3187bp)
Best alignment score: 3187.0 (LEN: 3187, IDY: 100.00), Total number of alignments: 1
		One align captures most of this contig: 50105 53291 | 3187 1 | 3187 3187 | 100.0 | Monkeypox 13

CONTIG: 14 (3076bp)
Best alignment score: 3076.0 (LEN: 3076, IDY: 100.00), Total number of alignments: 1
		One align captures most of this contig: 61500 64575 | 3076 1 | 3076 3076 | 100.0 | Monkeypox 14

CONTIG: 15 (2879bp)
Best alignment score: 2879.0 (LEN: 2879, IDY: 100.00), Total number of alignments: 1
		One align captures most of this contig: 184626 187504 | 1 2879 | 2879 2879 | 100.0 | Monkeypox 15

CONTIG: 16 (2827bp)
Best alignment score: 2827.0 (LEN: 2827, IDY: 100.00), Total number of alignments: 1
		One align captures most of this contig: 67428 70254 | 1 2827 | 2827 2827 | 100.0 | Monkeypox 16

CONTIG: 17 (2586bp)
Best alignment score: 2586.0 (LEN: 2586, IDY: 100.00), Total number of alignments: 1
		One align captures most of this contig: 14519 17104 | 1 2586 | 2586 2586 | 100.0 | Monkeypox 17

CONTIG: 18 (2560bp)
Best alignment score: 2560.0 (LEN: 2560, IDY: 100.00), Total number of alignments: 1
		One align captures most of this contig: 188207 190766 | 2560 1 | 2560 2560 | 100.0 | Monkeypox 18

CONTIG: 19 (2539bp)
Best alignment score: 2539.0 (LEN: 2539, IDY: 100.00), Total number of alignments: 1
		One align captures most of this contig: 20073 22611 | 1 2539 | 2539 2539 | 100.0 | Monkeypox 19

CONTIG: 20 (2457bp)
Best alignment score: 2457.0 (LEN: 2457, IDY: 100.00), Total number of alignments: 1
		One align captures most of this contig: 134079 136535 | 1 2457 | 2457 2457 | 100.0 | Monkeypox 20

CONTIG: 21 (2439bp)
Best alignment score: 2436.1 (LEN: 2439, IDY: 99.88), Total number of alignments: 1
		One align captures most of this contig: 108567 111005 | 2439 1 | 2439 2439 | 99.88 | Monkeypox 21

CONTIG: 22 (2353bp)
Best alignment score: 2353.0 (LEN: 2353, IDY: 100.00), Total number of alignments: 1
		One align captures most of this contig: 162894 165246 | 2353 1 | 2353 2353 | 100.0 | Monkeypox 22

CONTIG: 23 (2340bp)
Best alignment score: 2340.0 (LEN: 2340, IDY: 100.00), Total number of alignments: 1
		One align captures most of this contig: 55260 57599 | 2340 1 | 2340 2340 | 100.0 | Monkeypox 23

CONTIG: 24 (2340bp)
Best alignment score: 2340.0 (LEN: 2340, IDY: 100.00), Total number of alignments: 1
		One align captures most of this contig: 93367 95706 | 2340 1 | 2340 2340 | 100.0 | Monkeypox 24

CONTIG: 25 (2161bp)
Best alignment score: 2161.0 (LEN: 2161, IDY: 100.00), Total number of alignments: 1
		One align captures most of this contig: 84436 86596 | 2161 1 | 2161 2161 | 100.0 | Monkeypox 25

CONTIG: 26 (2147bp)
Best alignment score: 2147.0 (LEN: 2147, IDY: 100.00), Total number of alignments: 1
		One align captures most of this contig: 17140 19286 | 2147 1 | 2147 2147 | 100.0 | Monkeypox 26

CONTIG: 27 (2143bp)
Best alignment score: 2143.0 (LEN: 2143, IDY: 100.00), Total number of alignments: 1
		One align captures most of this contig: 136554 138696 | 1 2143 | 2143 2143 | 100.0 | Monkeypox 27

CONTIG: 28 (2113bp)
Best alignment score: 2113.0 (LEN: 2113, IDY: 100.00), Total number of alignments: 1
		One align captures most of this contig: 64576 66688 | 1 2113 | 2113 2113 | 100.0 | Monkeypox 28

CONTIG: 29 (2081bp)
Best alignment score: 2081.0 (LEN: 2081, IDY: 100.00), Total number of alignments: 1
		One align captures most of this contig: 118368 120448 | 2081 1 | 2081 2081 | 100.0 | Monkeypox 29

CONTIG: 30 (1971bp)
Best alignment score: 1970.0 (LEN: 1971, IDY: 99.95), Total number of alignments: 1
		One align captures most of this contig: 167754 169724 | 1971 1 | 1971 1971 | 99.95 | Monkeypox 30

CONTIG: 31 (1960bp)
Best alignment score: 1960.0 (LEN: 1960, IDY: 100.00), Total number of alignments: 1
		One align captures most of this contig: 90407 92366 | 1960 1 | 1960 1960 | 100.0 | Monkeypox 31

CONTIG: 32 (1932bp)
Best alignment score: 1932.0 (LEN: 1932, IDY: 100.00), Total number of alignments: 1
		One align captures most of this contig: 140276 142207 | 1932 1 | 1932 1932 | 100.0 | Monkeypox 32

CONTIG: 33 (1783bp)
Best alignment score: 1783.0 (LEN: 1783, IDY: 100.00), Total number of alignments: 1
		One align captures most of this contig: 150976 152758 | 1783 1 | 1783 1783 | 100.0 | Monkeypox 33

CONTIG: 34 (1719bp)
Best alignment score: 1719.0 (LEN: 1719, IDY: 100.00), Total number of alignments: 1
		One align captures most of this contig: 86620 88338 | 1 1719 | 1719 1719 | 100.0 | Monkeypox 34

CONTIG: 35 (1663bp)
Best alignment score: 1663.0 (LEN: 1663, IDY: 100.00), Total number of alignments: 1
		One align captures most of this contig: 100472 102134 | 1663 1 | 1663 1663 | 100.0 | Monkeypox 35

CONTIG: 36 (1639bp)
Best alignment score: 1639.0 (LEN: 1639, IDY: 100.00), Total number of alignments: 1
		One align captures most of this contig: 146915 148553 | 1639 1 | 1639 1639 | 100.0 | Monkeypox 36

CONTIG: 37 (1582bp)
Best alignment score: 1582.0 (LEN: 1582, IDY: 100.00), Total number of alignments: 1
		One align captures most of this contig: 165247 166828 | 1 1582 | 1582 1582 | 100.0 | Monkeypox 37

CONTIG: 38 (1539bp)
Best alignment score: 1539.0 (LEN: 1539, IDY: 100.00), Total number of alignments: 1
		One align captures most of this contig: 171728 173266 | 1 1539 | 1539 1539 | 100.0 | Monkeypox 38

CONTIG: 39 (1395bp)
Best alignment score: 1395.0 (LEN: 1395, IDY: 100.00), Total number of alignments: 1
		One align captures most of this contig: 179223 180617 | 1395 1 | 1395 1395 | 100.0 | Monkeypox 39

CONTIG: 40 (1388bp)
Best alignment score: 1388.0 (LEN: 1388, IDY: 100.00), Total number of alignments: 1
		One align captures most of this contig: 31760 33147 | 1388 1 | 1388 1388 | 100.0 | Monkeypox 40

CONTIG: 41 (1358bp)
Best alignment score: 1358.0 (LEN: 1358, IDY: 100.00), Total number of alignments: 1
		One align captures most of this contig: 149225 150582 | 1358 1 | 1358 1358 | 100.0 | Monkeypox 41

CONTIG: 42 (1329bp)
Best alignment score: 1329.0 (LEN: 1329, IDY: 100.00), Total number of alignments: 1
		One align captures most of this contig: 169755 171083 | 1329 1 | 1329 1329 | 100.0 | Monkeypox 42

CONTIG: 43 (1326bp)
Best alignment score: 1326.0 (LEN: 1326, IDY: 100.00), Total number of alignments: 1
		One align captures most of this contig: 156644 157969 | 1326 1 | 1326 1326 | 100.0 | Monkeypox 43

CONTIG: 44 (1322bp)
Best alignment score: 1322.0 (LEN: 1322, IDY: 100.00), Total number of alignments: 1
		One align captures most of this contig: 112154 113475 | 1322 1 | 1322 1322 | 100.0 | Monkeypox 44

CONTIG: 45 (1257bp)
Best alignment score: 1257.0 (LEN: 1257, IDY: 100.00), Total number of alignments: 1
		One align captures most of this contig: 59579 60835 | 1257 1 | 1257 1257 | 100.0 | Monkeypox 45

CONTIG: 46 (1237bp)
Best alignment score: 1237.0 (LEN: 1237, IDY: 100.00), Total number of alignments: 1
		One align captures most of this contig: 120756 121992 | 1237 1 | 1237 1237 | 100.0 | Monkeypox 46

CONTIG: 47 (1190bp)
Best alignment score: 1190.0 (LEN: 1190, IDY: 100.00), Total number of alignments: 1
		One align captures most of this contig: 143907 145096 | 1190 1 | 1190 1190 | 100.0 | Monkeypox 47

CONTIG: 48 (1180bp)
Best alignment score: 1180.0 (LEN: 1180, IDY: 100.00), Total number of alignments: 1
		One align captures most of this contig: 74933 76112 | 1180 1 | 1180 1180 | 100.0 | Monkeypox 48

CONTIG: 49 (1173bp)
Best alignment score: 1173.0 (LEN: 1173, IDY: 100.00), Total number of alignments: 1
		One align captures most of this contig: 115861 117033 | 1 1173 | 1173 1173 | 100.0 | Monkeypox 49

CONTIG: 50 (1137bp)
Best alignment score: 1137.0 (LEN: 1137, IDY: 100.00), Total number of alignments: 1
		One align captures most of this contig: 145677 146813 | 1137 1 | 1137 1137 | 100.0 | Monkeypox 50

CONTIG: 51 (1074bp)
Best alignment score: 1074.0 (LEN: 1074, IDY: 100.00), Total number of alignments: 1
		One align captures most of this contig: 181399 182472 | 1074 1 | 1074 1074 | 100.0 | Monkeypox 51

CONTIG: 52 (1068bp)
Best alignment score: 1068.0 (LEN: 1068, IDY: 100.00), Total number of alignments: 1
		One align captures most of this contig: 7482 8549 | 1068 1 | 1068 1068 | 100.0 | Monkeypox 52

CONTIG: 53 (1008bp)
Best alignment score: 1008.0 (LEN: 1008, IDY: 100.00), Total number of alignments: 1
		One align captures most of this contig: 6440 7447 | 1 1008 | 1008 1008 | 100.0 | Monkeypox 53

CONTIG: 54 (1003bp)
Best alignment score: 1003.0 (LEN: 1003, IDY: 100.00), Total number of alignments: 1
		One align captures most of this contig: 54233 55235 | 1003 1 | 1003 1003 | 100.0 | Monkeypox 54

CONTIG: 55 (999bp)
Best alignment score: 999.0 (LEN: 999, IDY: 100.00), Total number of alignments: 1
		One align captures most of this contig: 159834 160832 | 1 999 | 999 999 | 100.0 | Monkeypox 55

CONTIG: 56 (892bp)
Best alignment score: 892.0 (LEN: 892, IDY: 100.00), Total number of alignments: 1
		One align captures most of this contig: 58687 59578 | 1 892 | 892 892 | 100.0 | Monkeypox 56

CONTIG: 57 (810bp)
Best alignment score: 809.0 (LEN: 810, IDY: 99.88), Total number of alignments: 1
		One align captures most of this contig: 143093 143902 | 810 1 | 810 810 | 99.88 | Monkeypox 57

CONTIG: 58 (807bp)
Best alignment score: 807.0 (LEN: 807, IDY: 100.00), Total number of alignments: 1
		One align captures most of this contig: 74106 74912 | 807 1 | 807 807 | 100.0 | Monkeypox 58

CONTIG: 59 (792bp)
Best alignment score: 787.0 (LEN: 788, IDY: 99.87), Total number of alignments: 1
		One align captures most of this contig: 159043 159830 | 1 788 | 788 788 | 99.87 | Monkeypox 59

CONTIG: 60 (752bp)
Best alignment score: 752.0 (LEN: 752, IDY: 100.00), Total number of alignments: 1
		One align captures most of this contig: 38513 39264 | 1 752 | 752 752 | 100.0 | Monkeypox 60

CONTIG: 61 (744bp)
Best alignment score: 744.0 (LEN: 744, IDY: 100.00), Total number of alignments: 1
		One align captures most of this contig: 22612 23355 | 1 744 | 744 744 | 100.0 | Monkeypox 61

CONTIG: 62 (731bp)
Best alignment score: 731.0 (LEN: 731, IDY: 100.00), Total number of alignments: 1
		One align captures most of this contig: 83705 84435 | 731 1 | 731 731 | 100.0 | Monkeypox 62

CONTIG: 63 (695bp)
Best alignment score: 695.0 (LEN: 695, IDY: 100.00), Total number of alignments: 1
		One align captures most of this contig: 187505 188199 | 695 1 | 695 695 | 100.0 | Monkeypox 63

CONTIG: 64 (619bp)
Best alignment score: 619.0 (LEN: 619, IDY: 100.00), Total number of alignments: 1
		One align captures most of this contig: 73346 73964 | 619 1 | 619 619 | 100.0 | Monkeypox 64

CONTIG: 65 (597bp)
Best alignment score: 597.0 (LEN: 597, IDY: 100.00), Total number of alignments: 1
		One align captures most of this contig: 111272 111868 | 1 597 | 597 597 | 100.0 | Monkeypox 65

CONTIG: 66 (586bp)
Best alignment score: 586.0 (LEN: 586, IDY: 100.00), Total number of alignments: 1
		One align captures most of this contig: 160833 161418 | 586 1 | 586 586 | 100.0 | Monkeypox 66

CONTIG: 67 (546bp)
Best alignment score: 546.0 (LEN: 546, IDY: 100.00), Total number of alignments: 1
		One align captures most of this contig: 158478 159023 | 1 546 | 546 546 | 100.0 | Monkeypox 67

CONTIG: 68 (526bp)
Best alignment score: 526.0 (LEN: 526, IDY: 100.00), Total number of alignments: 1
		One align captures most of this contig: 183666 184191 | 526 1 | 526 526 | 100.0 | Monkeypox 68

CONTIG: 69 (520bp)
Best alignment score: 520.0 (LEN: 520, IDY: 100.00), Total number of alignments: 1
		One align captures most of this contig: 39265 39784 | 1 520 | 520 520 | 100.0 | Monkeypox 69

Analyzing coverage...
Writing SNPs into /home/exouser/Documents/Midterm1/Q2/quast_results/results_2023_03_03_04_57_27/contigs_reports/minimap_output/run_25_unicycler_contigs.used_snps

Analysis is finished!
Founded SNPs were written into /home/exouser/Documents/Midterm1/Q2/quast_results/results_2023_03_03_04_57_27/contigs_reports/minimap_output/run_25_unicycler_contigs.used_snps

Results:
	Local Misassemblies: 0
	Misassemblies: 0
		Relocations: 0
		Translocations: 0
		Inversions: 0
	Scaffold gap extensive misassemblies: 0
	Scaffold gap local misassemblies: 0
	Misassembled Contigs: 0
	Misassembled Contig Bases: 0
	Misassemblies Inter-Contig Overlap ("Extra" Aligned Bases): 0
Unaligned Contigs: 0 + 0 part
Half Unaligned Contigs with Misassemblies: 0
Unaligned Bases in Fully and Partially Unaligned Contigs: 0

Ambiguously Mapped Contigs: 0
Total Bases in Ambiguously Mapped Contigs: 0
"Extra" Aligned Bases in Ambiguously Mapped Contigs: 0
Note that --allow-ambiguity option was set to "one" and only first alignment per each of these contigs was used (there is no "extra" aligned bases).

	Covered Bases in Reference: 139552
	Raw Aligned Bases in Assembly: 139552
	Total Aligned Bases in Assembly (with "Extras"): 139552

	SNPs: 7
	Insertions: 0
	Deletions: 0

