Aligning contigs to reference...
	Aligning contigs to the reference
Filtering alignments...
Parsing coords...
Loading reference...
	Loaded [Monkeypox]
	Total Regions: 1
	Total Region Length: 197205
Analyzing contigs...
CONTIG: NODE_1_length_18288_cov_184.047966 (18288bp)
Best alignment score: 18284.3 (LEN: 18288, IDY: 99.98), Total number of alignments: 1
		One align captures most of this contig: 115662 133952 | 1 18288 | 18291 18288 | 99.98 | Monkeypox NODE_1_length_18288_cov_184.047966

CONTIG: NODE_2_length_15944_cov_180.057164 (15944bp)
Best alignment score: 15944.0 (LEN: 15944, IDY: 100.00), Total number of alignments: 1
		One align captures most of this contig: 72407 88350 | 15944 1 | 15944 15944 | 100.0 | Monkeypox NODE_2_length_15944_cov_180.057164

CONTIG: NODE_3_length_14132_cov_157.972709 (14132bp)
Best alignment score: 14130.6 (LEN: 14132, IDY: 99.99), Total number of alignments: 1
		One align captures most of this contig: 17128 31259 | 1 14132 | 14132 14132 | 99.99 | Monkeypox NODE_3_length_14132_cov_157.972709

CONTIG: NODE_4_length_13581_cov_368.885143 (13581bp)
Best alignment score: 13465.6 (LEN: 13581, IDY: 99.15), Total number of alignments: 1
		One align captures most of this contig: 178726 192423 | 1 13581 | 13698 13581 | 99.15 | Monkeypox NODE_4_length_13581_cov_368.885143

CONTIG: NODE_5_length_12043_cov_146.848311 (12043bp)
Best alignment score: 12043.0 (LEN: 12043, IDY: 100.00), Total number of alignments: 1
		One align captures most of this contig: 58675 70717 | 1 12043 | 12043 12043 | 100.0 | Monkeypox NODE_5_length_12043_cov_146.848311

CONTIG: NODE_6_length_10860_cov_239.625196 (10860bp)
Best alignment score: 10860.0 (LEN: 10860, IDY: 100.00), Total number of alignments: 1
		One align captures most of this contig: 156210 167069 | 10860 1 | 10860 10860 | 100.0 | Monkeypox NODE_6_length_10860_cov_239.625196

CONTIG: NODE_7_length_10045_cov_158.234232 (10045bp)
Best alignment score: 10044.0 (LEN: 10045, IDY: 99.99), Total number of alignments: 1
		One align captures most of this contig: 90150 100194 | 1 10045 | 10045 10045 | 99.99 | Monkeypox NODE_7_length_10045_cov_158.234232

CONTIG: NODE_8_length_9300_cov_151.561078 (9300bp)
Best alignment score: 9284.7 (LEN: 9294, IDY: 99.90), Total number of alignments: 1
		One align captures most of this contig: 146891 156193 | 9300 7 | 9303 9294 | 99.9 | Monkeypox NODE_8_length_9300_cov_151.561078

CONTIG: NODE_9_length_9090_cov_105.065637 (9090bp)
Best alignment score: 9089.1 (LEN: 9090, IDY: 99.99), Total number of alignments: 1
		One align captures most of this contig: 41005 50094 | 1 9090 | 9090 9090 | 99.99 | Monkeypox NODE_9_length_9090_cov_105.065637

CONTIG: NODE_10_length_8595_cov_175.485298 (8595bp)
Best alignment score: 8595.0 (LEN: 8595, IDY: 100.00), Total number of alignments: 1
		One align captures most of this contig: 50093 58687 | 8595 1 | 8595 8595 | 100.0 | Monkeypox NODE_10_length_8595_cov_175.485298

CONTIG: NODE_11_length_6130_cov_75.053071 (6130bp)
Best alignment score: 6130.0 (LEN: 6130, IDY: 100.00), Total number of alignments: 1
		One align captures most of this contig: 6415 12544 | 6130 1 | 6130 6130 | 100.0 | Monkeypox NODE_11_length_6130_cov_75.053071

CONTIG: NODE_12_length_5736_cov_114.765715 (5736bp)
Best alignment score: 5736.0 (LEN: 5736, IDY: 100.00), Total number of alignments: 1
		One align captures most of this contig: 34061 39796 | 1 5736 | 5736 5736 | 100.0 | Monkeypox NODE_12_length_5736_cov_114.765715

CONTIG: NODE_13_length_5231_cov_304.911833 (5231bp)
Best alignment score: 5231.0 (LEN: 5231, IDY: 100.00), Total number of alignments: 1
		One align captures most of this contig: 108257 113487 | 1 5231 | 5231 5231 | 100.0 | Monkeypox NODE_13_length_5231_cov_304.911833

CONTIG: NODE_14_length_4398_cov_86.782529 (4398bp)
Best alignment score: 4398.0 (LEN: 4398, IDY: 100.00), Total number of alignments: 1
		One align captures most of this contig: 173290 177687 | 4398 1 | 4398 4398 | 100.0 | Monkeypox NODE_14_length_4398_cov_86.782529

CONTIG: NODE_15_length_4201_cov_130.370450 (4201bp)
Best alignment score: 4151.0 (LEN: 4151, IDY: 100.00), Total number of alignments: 1
			Looking for the best set of alignments (out of 1 total alignments)
			The best set is below. Score: 4151.0, number of alignments: 1, unaligned bases: 50
		Alignment: 103247 107397 | 51 4201 | 4151 4151 | 100.0 | Monkeypox NODE_15_length_4201_cov_130.370450

CONTIG: NODE_16_length_3937_cov_1426.629346 (3937bp)
Best alignment score: 3937.0 (LEN: 3937, IDY: 100.00), Total number of alignments: 2
		This contig has 2 significant alignments. [An ambiguously mapped contig]
		Using only first of these alignment (option --ambiguity-usage is set to "one"):
			Alignment: 192485 196421 | 1 3937 | 3937 3937 | 100.0 | Monkeypox NODE_16_length_3937_cov_1426.629346
			Skipping alignment 785 4721 | 3937 1 | 3937 3937 | 100.0 | Monkeypox NODE_16_length_3937_cov_1426.629346

CONTIG: NODE_17_length_3551_cov_236.882870 (3551bp)
Best alignment score: 3551.0 (LEN: 3551, IDY: 100.00), Total number of alignments: 1
		One align captures most of this contig: 169743 173293 | 1 3551 | 3551 3551 | 100.0 | Monkeypox NODE_17_length_3551_cov_236.882870

CONTIG: NODE_18_length_3366_cov_20.566597 (3366bp)
Best alignment score: 3365.0 (LEN: 3366, IDY: 99.97), Total number of alignments: 1
		One align captures most of this contig: 13751 17116 | 1 3366 | 3366 3366 | 99.97 | Monkeypox NODE_18_length_3366_cov_20.566597

CONTIG: NODE_19_length_3184_cov_138.033871 (3184bp)
Best alignment score: 3184.0 (LEN: 3184, IDY: 100.00), Total number of alignments: 1
		One align captures most of this contig: 136540 139723 | 1 3184 | 3184 3184 | 100.0 | Monkeypox NODE_19_length_3184_cov_138.033871

CONTIG: NODE_20_length_2640_cov_143.486807 (2640bp)
Best alignment score: 2640.0 (LEN: 2640, IDY: 100.00), Total number of alignments: 1
		One align captures most of this contig: 167100 169739 | 1 2640 | 2640 2640 | 100.0 | Monkeypox NODE_20_length_2640_cov_143.486807

CONTIG: NODE_21_length_2628_cov_37.205532 (2628bp)
Best alignment score: 2628.0 (LEN: 2628, IDY: 100.00), Total number of alignments: 1
		One align captures most of this contig: 100288 102915 | 1 2628 | 2628 2628 | 100.0 | Monkeypox NODE_21_length_2628_cov_37.205532

CONTIG: NODE_22_length_2554_cov_83.345196 (2554bp)
Best alignment score: 2554.0 (LEN: 2554, IDY: 100.00), Total number of alignments: 1
		One align captures most of this contig: 133997 136550 | 1 2554 | 2554 2554 | 100.0 | Monkeypox NODE_22_length_2554_cov_83.345196

CONTIG: NODE_23_length_2284_cov_91.392209 (2284bp)
Best alignment score: 2269.0 (LEN: 2269, IDY: 100.00), Total number of alignments: 1
		One align captures most of this contig: 140296 142564 | 2269 1 | 2269 2269 | 100.0 | Monkeypox NODE_23_length_2284_cov_91.392209

CONTIG: NODE_24_length_2280_cov_100.731264 (2280bp)
Best alignment score: 2280.0 (LEN: 2280, IDY: 100.00), Total number of alignments: 1
		One align captures most of this contig: 143074 145353 | 1 2280 | 2280 2280 | 100.0 | Monkeypox NODE_24_length_2280_cov_100.731264

CONTIG: NODE_25_length_1312_cov_111.127898 (1312bp)
Best alignment score: 1312.0 (LEN: 1312, IDY: 100.00), Total number of alignments: 1
		One align captures most of this contig: 31745 33056 | 1 1312 | 1312 1312 | 100.0 | Monkeypox NODE_25_length_1312_cov_111.127898

CONTIG: NODE_26_length_1218_cov_128.811400 (1218bp)
Best alignment score: 1217.0 (LEN: 1218, IDY: 99.92), Total number of alignments: 1
		One align captures most of this contig: 145665 146882 | 1218 1 | 1218 1218 | 99.92 | Monkeypox NODE_26_length_1218_cov_128.811400

CONTIG: NODE_27_length_748_cov_42.428769 (748bp)
Best alignment score: 748.0 (LEN: 748, IDY: 100.00), Total number of alignments: 1
		One align captures most of this contig: 40059 40806 | 748 1 | 748 748 | 100.0 | Monkeypox NODE_27_length_748_cov_42.428769

CONTIG: NODE_28_length_680_cov_18.166412 (680bp)
Best alignment score: 680.0 (LEN: 680, IDY: 100.00), Total number of alignments: 1
		One align captures most of this contig: 13091 13770 | 680 1 | 680 680 | 100.0 | Monkeypox NODE_28_length_680_cov_18.166412

CONTIG: NODE_29_length_586_cov_78.087344 (586bp)
Best alignment score: 586.0 (LEN: 586, IDY: 100.00), Total number of alignments: 1
		One align captures most of this contig: 33057 33642 | 1 586 | 586 586 | 100.0 | Monkeypox NODE_29_length_586_cov_78.087344

CONTIG: NODE_30_length_537_cov_7.183594 (537bp)
Best alignment score: 537.0 (LEN: 537, IDY: 100.00), Total number of alignments: 1
		One align captures most of this contig: 178181 178717 | 1 537 | 537 537 | 100.0 | Monkeypox NODE_30_length_537_cov_7.183594

Analyzing coverage...
Writing SNPs into /home/exouser/Documents/Midterm1/Q2/quast_results/results_2023_03_03_04_57_27/contigs_reports/minimap_output/run_25_spades_contigs.used_snps

Analysis is finished!
Founded SNPs were written into /home/exouser/Documents/Midterm1/Q2/quast_results/results_2023_03_03_04_57_27/contigs_reports/minimap_output/run_25_spades_contigs.used_snps

Results:
	Local Misassemblies: 0
	Misassemblies: 0
		Relocations: 0
		Translocations: 0
		Inversions: 0
	Scaffold gap extensive misassemblies: 0
	Scaffold gap local misassemblies: 0
	Misassembled Contigs: 0
	Misassembled Contig Bases: 0
	Misassemblies Inter-Contig Overlap ("Extra" Aligned Bases): 0
Unaligned Contigs: 0 + 0 part
Half Unaligned Contigs with Misassemblies: 0
Unaligned Bases in Fully and Partially Unaligned Contigs: 0

Ambiguously Mapped Contigs: 1
Total Bases in Ambiguously Mapped Contigs: 3937
"Extra" Aligned Bases in Ambiguously Mapped Contigs: 0
Note that --allow-ambiguity option was set to "one" and only first alignment per each of these contigs was used (there is no "extra" aligned bases).

	Covered Bases in Reference: 179087
	Raw Aligned Bases in Assembly: 179008
	Total Aligned Bases in Assembly (with "Extras"): 179008

	SNPs: 6
	Insertions: 0
	Deletions: 129

