Aligning contigs to reference...
	Aligning contigs to the reference
Filtering alignments...
Parsing coords...
Loading reference...
	Loaded [Monkeypox]
	Total Regions: 1
	Total Region Length: 197205
Analyzing contigs...
CONTIG: NODE_1_length_3679_cov_180.537109 (3703bp)
Best alignment score: 3703.0 (LEN: 3703, IDY: 100.00), Total number of alignments: 1
		One align captures most of this contig: 146899 150601 | 3703 1 | 3703 3703 | 100.0 | Monkeypox NODE_1_length_3679_cov_180.537109

CONTIG: NODE_2_length_11146_cov_372.248505 (11170bp)
Best alignment score: 11168.9 (LEN: 11170, IDY: 99.99), Total number of alignments: 1
		One align captures most of this contig: 179621 190790 | 1 11170 | 11170 11170 | 99.99 | Monkeypox NODE_2_length_11146_cov_372.248505

CONTIG: NODE_3_length_10021_cov_158.619293 (10045bp)
Best alignment score: 10044.0 (LEN: 10045, IDY: 99.99), Total number of alignments: 1
		One align captures most of this contig: 90150 100194 | 1 10045 | 10045 10045 | 99.99 | Monkeypox NODE_3_length_10021_cov_158.619293

CONTIG: NODE_4_length_3523_cov_237.987793 (3547bp)
Best alignment score: 3547.0 (LEN: 3547, IDY: 100.00), Total number of alignments: 1
		One align captures most of this contig: 169744 173290 | 3547 1 | 3547 3547 | 100.0 | Monkeypox NODE_4_length_3523_cov_237.987793

CONTIG: NODE_5_length_3914_cov_1434.007935 (3938bp)
Best alignment score: 3932.9 (LEN: 3938, IDY: 99.87), Total number of alignments: 2
		This contig has 2 significant alignments. [An ambiguously mapped contig]
		Using only first of these alignment (option --ambiguity-usage is set to "one"):
			Alignment: 785 4720 | 3938 1 | 3936 3938 | 99.87 | Monkeypox NODE_5_length_3914_cov_1434.007935
			Skipping alignment 192486 196421 | 1 3938 | 3936 3938 | 99.87 | Monkeypox NODE_5_length_3914_cov_1434.007935

CONTIG: NODE_6_length_5570_cov_133.413818 (5594bp)
Best alignment score: 5594.0 (LEN: 5594, IDY: 100.00), Total number of alignments: 1
		One align captures most of this contig: 150598 156191 | 5594 1 | 5594 5594 | 100.0 | Monkeypox NODE_6_length_5570_cov_133.413818

CONTIG: NODE_7_length_11568_cov_152.483231 (11592bp)
Best alignment score: 11592.0 (LEN: 11592, IDY: 100.00), Total number of alignments: 1
		One align captures most of this contig: 58675 70266 | 11592 1 | 11592 11592 | 100.0 | Monkeypox NODE_7_length_11568_cov_152.483231

CONTIG: NODE_8_length_3675_cov_366.915649 (3699bp)
Best alignment score: 3699.0 (LEN: 3699, IDY: 100.00), Total number of alignments: 1
		One align captures most of this contig: 52701 56399 | 3699 1 | 3699 3699 | 100.0 | Monkeypox NODE_8_length_3675_cov_366.915649

CONTIG: NODE_9_length_15920_cov_180.432846 (15944bp)
Best alignment score: 15944.0 (LEN: 15944, IDY: 100.00), Total number of alignments: 1
		One align captures most of this contig: 72407 88350 | 15944 1 | 15944 15944 | 100.0 | Monkeypox NODE_9_length_15920_cov_180.432846

CONTIG: NODE_10_length_10837_cov_240.198669 (10861bp)
Best alignment score: 10858.8 (LEN: 10861, IDY: 99.98), Total number of alignments: 1
		One align captures most of this contig: 156210 167069 | 10861 1 | 10860 10861 | 99.98 | Monkeypox NODE_10_length_10837_cov_240.198669

CONTIG: NODE_11_length_5207_cov_305.394073 (5231bp)
Best alignment score: 5231.0 (LEN: 5231, IDY: 100.00), Total number of alignments: 1
		One align captures most of this contig: 108257 113487 | 5231 1 | 5231 5231 | 100.0 | Monkeypox NODE_11_length_5207_cov_305.394073

CONTIG: NODE_12_length_2526_cov_82.873314 (2550bp)
Best alignment score: 2550.0 (LEN: 2550, IDY: 100.00), Total number of alignments: 1
		One align captures most of this contig: 133997 136546 | 1 2550 | 2550 2550 | 100.0 | Monkeypox NODE_12_length_2526_cov_82.873314

CONTIG: NODE_13_length_3151_cov_138.781021 (3175bp)
Best alignment score: 3175.0 (LEN: 3175, IDY: 100.00), Total number of alignments: 1
		One align captures most of this contig: 136541 139715 | 3175 1 | 3175 3175 | 100.0 | Monkeypox NODE_13_length_3151_cov_138.781021

CONTIG: NODE_15_length_10929_cov_195.888641 (10953bp)
Best alignment score: 10950.8 (LEN: 10953, IDY: 99.98), Total number of alignments: 1
		One align captures most of this contig: 20213 31165 | 1 10953 | 10953 10953 | 99.98 | Monkeypox NODE_15_length_10929_cov_195.888641

CONTIG: NODE_16_length_3435_cov_70.388649 (3459bp)
Best alignment score: 3459.0 (LEN: 3459, IDY: 100.00), Total number of alignments: 1
		One align captures most of this contig: 41067 44525 | 1 3459 | 3459 3459 | 100.0 | Monkeypox NODE_16_length_3435_cov_70.388649

CONTIG: NODE_17_length_724_cov_42.555248 (748bp)
Best alignment score: 748.0 (LEN: 748, IDY: 100.00), Total number of alignments: 1
		One align captures most of this contig: 40059 40806 | 748 1 | 748 748 | 100.0 | Monkeypox NODE_17_length_724_cov_42.555248

CONTIG: NODE_18_length_17433_cov_185.038376 (17457bp)
Best alignment score: 17455.3 (LEN: 17457, IDY: 99.99), Total number of alignments: 1
		One align captures most of this contig: 115662 133118 | 1 17457 | 17457 17457 | 99.99 | Monkeypox NODE_18_length_17433_cov_185.038376

CONTIG: NODE_19_length_6105_cov_75.205406 (6129bp)
Best alignment score: 6127.8 (LEN: 6129, IDY: 99.98), Total number of alignments: 1
		One align captures most of this contig: 6416 12544 | 1 6129 | 6129 6129 | 99.98 | Monkeypox NODE_19_length_6105_cov_75.205406

CONTIG: NODE_25_length_1193_cov_129.181900 (1217bp)
Best alignment score: 1216.0 (LEN: 1217, IDY: 99.92), Total number of alignments: 1
		One align captures most of this contig: 145665 146881 | 1217 1 | 1217 1217 | 99.92 | Monkeypox NODE_25_length_1193_cov_129.181900

CONTIG: NODE_26_length_830_cov_176.957825 (854bp)
Best alignment score: 854.0 (LEN: 854, IDY: 100.00), Total number of alignments: 1
		One align captures most of this contig: 133099 133952 | 1 854 | 854 854 | 100.0 | Monkeypox NODE_26_length_830_cov_176.957825

CONTIG: NODE_27_length_4267_cov_127.989456 (4291bp)
Best alignment score: 4291.0 (LEN: 4291, IDY: 100.00), Total number of alignments: 1
		One align captures most of this contig: 103106 107396 | 4291 1 | 4291 4291 | 100.0 | Monkeypox NODE_27_length_4267_cov_127.989456

CONTIG: NODE_28_length_1616_cov_489.527222 (1640bp)
Best alignment score: 1640.0 (LEN: 1640, IDY: 100.00), Total number of alignments: 2
		This contig has 2 significant alignments. [An ambiguously mapped contig]
		Using only first of these alignment (option --ambiguity-usage is set to "one"):
			Alignment: 4800 6439 | 1640 1 | 1640 1640 | 100.0 | Monkeypox NODE_28_length_1616_cov_489.527222
			Skipping alignment 190767 192406 | 1 1640 | 1640 1640 | 100.0 | Monkeypox NODE_28_length_1616_cov_489.527222

CONTIG: NODE_30_length_2249_cov_241.794571 (2273bp)
Best alignment score: 2273.0 (LEN: 2273, IDY: 100.00), Total number of alignments: 1
		One align captures most of this contig: 44920 47192 | 1 2273 | 2273 2273 | 100.0 | Monkeypox NODE_30_length_2249_cov_241.794571

CONTIG: NODE_31_length_2215_cov_102.646950 (2239bp)
Best alignment score: 2238.1 (LEN: 2239, IDY: 99.96), Total number of alignments: 1
		One align captures most of this contig: 143081 145319 | 1 2239 | 2239 2239 | 99.96 | Monkeypox NODE_31_length_2215_cov_102.646950

CONTIG: NODE_32_length_2143_cov_168.230515 (2167bp)
Best alignment score: 2167.0 (LEN: 2167, IDY: 100.00), Total number of alignments: 1
		One align captures most of this contig: 167572 169738 | 1 2167 | 2167 2167 | 100.0 | Monkeypox NODE_32_length_2143_cov_168.230515

CONTIG: NODE_33_length_1738_cov_107.515533 (1762bp)
Best alignment score: 1762.0 (LEN: 1762, IDY: 100.00), Total number of alignments: 1
		One align captures most of this contig: 31881 33642 | 1762 1 | 1762 1762 | 100.0 | Monkeypox NODE_33_length_1738_cov_107.515533

CONTIG: NODE_34_length_5708_cov_115.059036 (5732bp)
Best alignment score: 5732.0 (LEN: 5732, IDY: 100.00), Total number of alignments: 1
		One align captures most of this contig: 34065 39796 | 1 5732 | 5732 5732 | 100.0 | Monkeypox NODE_34_length_5708_cov_115.059036

CONTIG: NODE_36_length_912_cov_70.548248 (936bp)
Best alignment score: 936.0 (LEN: 936, IDY: 100.00), Total number of alignments: 1
		One align captures most of this contig: 101211 102146 | 1 936 | 936 936 | 100.0 | Monkeypox NODE_36_length_912_cov_70.548248

CONTIG: NODE_37_length_1330_cov_122.224060 (1354bp)
Best alignment score: 1354.0 (LEN: 1354, IDY: 100.00), Total number of alignments: 1
		One align captures most of this contig: 141211 142564 | 1 1354 | 1354 1354 | 100.0 | Monkeypox NODE_37_length_1330_cov_122.224060

CONTIG: NODE_39_length_1996_cov_62.517033 (2020bp)
Best alignment score: 2020.0 (LEN: 2020, IDY: 100.00), Total number of alignments: 1
		One align captures most of this contig: 48047 50066 | 2020 1 | 2020 2020 | 100.0 | Monkeypox NODE_39_length_1996_cov_62.517033

CONTIG: NODE_40_length_929_cov_47.805168 (953bp)
Best alignment score: 939.0 (LEN: 939, IDY: 100.00), Total number of alignments: 1
			Looking for the best set of alignments (out of 1 total alignments)
			The best set is below. Score: 939.0, number of alignments: 1, unaligned bases: 14
		Alignment: 140296 141234 | 15 953 | 939 939 | 100.0 | Monkeypox NODE_40_length_929_cov_47.805168

CONTIG: NODE_51_length_4235_cov_89.365524 (4259bp)
Best alignment score: 4259.0 (LEN: 4259, IDY: 100.00), Total number of alignments: 1
		One align captures most of this contig: 173291 177545 | 1 4259 | 4255 4259 | 100.0 | Monkeypox NODE_51_length_4235_cov_89.365524

Analyzing coverage...
Writing SNPs into /home/exouser/Documents/Midterm1/Q2/quast_results/results_2023_03_03_04_57_27/contigs_reports/minimap_output/run_25_velvet_contigs.used_snps

Analysis is finished!
Founded SNPs were written into /home/exouser/Documents/Midterm1/Q2/quast_results/results_2023_03_03_04_57_27/contigs_reports/minimap_output/run_25_velvet_contigs.used_snps

Results:
	Local Misassemblies: 0
	Misassemblies: 0
		Relocations: 0
		Translocations: 0
		Inversions: 0
	Scaffold gap extensive misassemblies: 0
	Scaffold gap local misassemblies: 0
	Misassembled Contigs: 0
	Misassembled Contig Bases: 0
	Misassemblies Inter-Contig Overlap ("Extra" Aligned Bases): 0
Unaligned Contigs: 0 + 0 part
Half Unaligned Contigs with Misassemblies: 0
Unaligned Bases in Fully and Partially Unaligned Contigs: 0

Ambiguously Mapped Contigs: 2
Total Bases in Ambiguously Mapped Contigs: 5578
"Extra" Aligned Bases in Ambiguously Mapped Contigs: 0
Note that --allow-ambiguity option was set to "one" and only first alignment per each of these contigs was used (there is no "extra" aligned bases).

	Covered Bases in Reference: 161393
	Raw Aligned Bases in Assembly: 161478
	Total Aligned Bases in Assembly (with "Extras"): 161478

	SNPs: 12
	Insertions: 7
	Deletions: 0

